<?xml version="1.0" encoding="UTF-8"?>
<testng-results skipped="0" failed="0" ignored="0" total="1" passed="1">
  <reporter-output>
  </reporter-output>
  <suite name="smoke Tests" duration-ms="111" started-at="2017-05-15T11:48:19Z" finished-at="2017-05-15T11:48:19Z">
    <groups>
    </groups>
    <test name="Build Acceptance" duration-ms="111" started-at="2017-05-15T11:48:19Z" finished-at="2017-05-15T11:48:19Z">
      <class name="NewTest">
        <test-method status="PASS" signature="f()[pri:0, instance:NewTest@224edc67]" name="f" duration-ms="57" started-at="2017-05-15T21:48:19Z" finished-at="2017-05-15T21:48:19Z">
          <reporter-output>
          </reporter-output>
        </test-method> <!-- f -->
      </class> <!-- NewTest -->
    </test> <!-- Build Acceptance -->
  </suite> <!-- smoke Tests -->
</testng-results>
